<?xml version="1.0" encoding="UTF-8"?>
<testsuite name="arraysandhashing.ProductOfArrayExceptSelf238Test" tests="2" skipped="0" failures="0" errors="0" timestamp="2022-08-17T04:14:29" hostname="YIHYEONPC" time="0.097">
  <properties/>
  <testcase name="nums에_0이_포함된_경우()" classname="arraysandhashing.ProductOfArrayExceptSelf238Test" time="0.09"/>
  <testcase name="sample()" classname="arraysandhashing.ProductOfArrayExceptSelf238Test" time="0.004"/>
  <system-out><![CDATA[]]></system-out>
  <system-err><![CDATA[]]></system-err>
</testsuite>
