<?xml version="1.0" encoding="UTF-8"?>
<testsuite name="arraysandhashing.GroupAnagrams49Test" tests="1" skipped="0" failures="0" errors="0" timestamp="2022-07-20T07:01:23" hostname="YIHYEONPC" time="0.024">
  <properties/>
  <testcase name="문자열이 하나일 때 같은 문자열을 반환한다." classname="arraysandhashing.GroupAnagrams49Test" time="0.024"/>
  <system-out><![CDATA[]]></system-out>
  <system-err><![CDATA[]]></system-err>
</testsuite>
