<?xml version="1.0" encoding="UTF-8"?>
<testsuite name="arraysandhashing.ContainsDuplicate217Test" tests="3" skipped="0" failures="0" errors="0" timestamp="2022-07-16T07:40:29" hostname="YIHYEONPC" time="0.05">
  <properties/>
  <testcase name="[1] [1, 2, 3, 1]" classname="arraysandhashing.ContainsDuplicate217Test" time="0.042"/>
  <testcase name="[2] [1, 1, 1, 3, 3, 4, 3, 2, 4, 2]" classname="arraysandhashing.ContainsDuplicate217Test" time="0.001"/>
  <testcase name="별개의 value 면 false 가 반환된다." classname="arraysandhashing.ContainsDuplicate217Test" time="0.002"/>
  <system-out><![CDATA[]]></system-out>
  <system-err><![CDATA[]]></system-err>
</testsuite>
